<?xml version="1.0" encoding="UTF-8"?>
<coverage generated="1756907274859" clover="3.2.0">
  <project timestamp="1756907274859" name="All files">
    <metrics statements="28" coveredstatements="27" conditionals="2" coveredconditionals="1" methods="12" coveredmethods="12" elements="42" coveredelements="40" complexity="0" loc="28" ncloc="28" packages="2" files="4" classes="4"/>
    <package name="dist.modules">
      <metrics statements="26" coveredstatements="25" conditionals="2" coveredconditionals="1" methods="11" coveredmethods="11"/>
      <file name="product.js" path="C:\Users\sandrapc\OneDrive\Skrivbord\Chas\TypeScript\Vending Machine\dist\modules\product.js">
        <metrics statements="12" coveredstatements="12" conditionals="0" coveredconditionals="0" methods="5" coveredmethods="5"/>
        <line num="2" count="2" type="stmt"/>
        <line num="3" count="2" type="stmt"/>
        <line num="9" count="4" type="stmt"/>
        <line num="10" count="4" type="stmt"/>
        <line num="11" count="4" type="stmt"/>
        <line num="14" count="2" type="stmt"/>
        <line num="17" count="1" type="stmt"/>
        <line num="20" count="1" type="stmt"/>
        <line num="23" count="2" type="stmt"/>
        <line num="26" count="1" type="stmt"/>
        <line num="29" count="1" type="stmt"/>
        <line num="32" count="2" type="stmt"/>
      </file>
      <file name="vendingMachine.js" path="C:\Users\sandrapc\OneDrive\Skrivbord\Chas\TypeScript\Vending Machine\dist\modules\vendingMachine.js">
        <metrics statements="5" coveredstatements="5" conditionals="0" coveredconditionals="0" methods="3" coveredmethods="3"/>
        <line num="2" count="1" type="stmt"/>
        <line num="3" count="1" type="stmt"/>
        <line num="7" count="1" type="stmt"/>
        <line num="18" count="2" type="stmt"/>
        <line num="21" count="1" type="stmt"/>
      </file>
      <file name="wallet.js" path="C:\Users\sandrapc\OneDrive\Skrivbord\Chas\TypeScript\Vending Machine\dist\modules\wallet.js">
        <metrics statements="9" coveredstatements="8" conditionals="2" coveredconditionals="1" methods="3" coveredmethods="3"/>
        <line num="2" count="1" type="stmt"/>
        <line num="3" count="1" type="stmt"/>
        <line num="7" count="1" type="stmt"/>
        <line num="10" count="1" type="stmt"/>
        <line num="13" count="1" type="cond" truecount="1" falsecount="1"/>
        <line num="14" count="1" type="stmt"/>
        <line num="15" count="1" type="stmt"/>
        <line num="17" count="0" type="stmt"/>
        <line num="20" count="1" type="stmt"/>
      </file>
    </package>
    <package name="src.modules">
      <metrics statements="2" coveredstatements="2" conditionals="0" coveredconditionals="0" methods="1" coveredmethods="1"/>
      <file name="sum.js" path="C:\Users\sandrapc\OneDrive\Skrivbord\Chas\TypeScript\Vending Machine\src\modules\sum.js">
        <metrics statements="2" coveredstatements="2" conditionals="0" coveredconditionals="0" methods="1" coveredmethods="1"/>
        <line num="2" count="1" type="stmt"/>
        <line num="5" count="1" type="stmt"/>
      </file>
    </package>
  </project>
</coverage>
